<?xml version="1.0" encoding="UTF-8"?>
<testng-results skipped="0" failed="0" total="1" passed="1">
  <reporter-output>
  </reporter-output>
  <suite name="Default suite" duration-ms="34458" started-at="2018-08-28T12:19:11Z" finished-at="2018-08-28T12:19:45Z">
    <groups>
    </groups>
    <test name="Default test" duration-ms="34458" started-at="2018-08-28T12:19:11Z" finished-at="2018-08-28T12:19:45Z">
      <class name="shortRides.ShortRides_ValidationTests">
        <test-method status="PASS" signature="preRequisites()" name="preRequisites" is-config="true" duration-ms="16959" started-at="2018-08-28T12:19:11Z" finished-at="2018-08-28T12:19:28Z">
        </test-method>
        <test-method status="PASS" signature="bikeCardScrollWorks(java.util.HashMap)" name="bikeCardScrollWorks" duration-ms="16550" started-at="2018-08-28T12:19:28Z" finished-at="2018-08-28T12:19:45Z">
          <params>
            <param index="0">
              <value>
                <![CDATA[{endOdometer=107000, startLoc=Aswad Hospital, bikeAccessCode=358021084279094, latLong1=12.906587,77.629333, latLong2=12.891308,77.638688, bikeID=20879, latLong3=12.876566, 77.647978, endLoc=Audi Bengaluru, startLatLong=12.9125091,77.6252144, odometer2=102000, odometer1=100000, bikeLicensePlate=KA AUTO1, endLatLong=12.866794,77.655082, odometer3=105000}]]>
              </value>
            </param>
          </params>
        </test-method>
        <test-method status="PASS" signature="CloseApp()" name="CloseApp" is-config="true" duration-ms="924" started-at="2018-08-28T12:19:45Z" finished-at="2018-08-28T12:19:45Z">
        </test-method>
        <test-method status="PASS" signature="takeScreenShotOnFailure(org.testng.ITestResult)" name="takeScreenShotOnFailure" is-config="true" duration-ms="1" started-at="2018-08-28T12:19:45Z" finished-at="2018-08-28T12:19:45Z">
          <params>
            <param index="0">
              <value>
                <![CDATA[[TestResult: bikeCardScrollWorks STATUS:SUCCESS METHOD:shortRides.ShortRides_ValidationTests.bikeCardScrollWorks(java.util.HashMap)]
]]>
              </value>
            </param>
          </params>
        </test-method>
      </class>
    </test>
  </suite>
</testng-results>
